The target system is: Android - 21 - mips64
The host system is: Darwin - 17.7.0 - x86_64
Determining if the C compiler works passed with the following output:
Change Dir: /Users/shiwentao/Downloads/code/testso/app/.externalNativeBuild/cmake/debug/mips64/CMakeFiles/CMakeTmp

Run Build Command:"/Users/shiwentao/Library/Android/sdk/cmake/3.6.4111459/bin/ninja" "cmTC_f4180"
[1/2] Building C object CMakeFiles/cmTC_f4180.dir/testCCompiler.c.o
[2/2] Linking C executable cmTC_f4180


Detecting C compiler ABI info compiled with the following output:
Change Dir: /Users/shiwentao/Downloads/code/testso/app/.externalNativeBuild/cmake/debug/mips64/CMakeFiles/CMakeTmp

Run Build Command:"/Users/shiwentao/Library/Android/sdk/cmake/3.6.4111459/bin/ninja" "cmTC_05eaf"
[1/2] Building C object CMakeFiles/cmTC_05eaf.dir/CMakeCCompilerABI.c.o
[2/2] Linking C executable cmTC_05eaf
Android clang version 3.8.256229  (based on LLVM 3.8.256229)
Target: mips64el-none-linux-android
Thread model: posix
InstalledDir: /Users/shiwentao/Downloads/android-ndk-r13b/toolchains/llvm/prebuilt/darwin-x86_64/bin
Found candidate GCC installation: /Users/shiwentao/Downloads/android-ndk-r13b/toolchains/mips64el-linux-android-4.9/prebuilt/darwin-x86_64/lib/gcc/mips64el-linux-android/4.9.x
Selected GCC installation: /Users/shiwentao/Downloads/android-ndk-r13b/toolchains/mips64el-linux-android-4.9/prebuilt/darwin-x86_64/lib/gcc/mips64el-linux-android/4.9.x
Candidate multilib: .;
Selected multilib: .;
 "/Users/shiwentao/Downloads/android-ndk-r13b/toolchains/mips64el-linux-android-4.9/prebuilt/darwin-x86_64/lib/gcc/mips64el-linux-android/4.9.x/../../../../mips64el-linux-android/bin/ld" --sysroot=/Users/shiwentao/Downloads/android-ndk-r13b/platforms/android-21/arch-mips64 -pie --sysroot=/Users/shiwentao/Downloads/android-ndk-r13b/platforms/android-21/arch-mips64 --eh-frame-hdr -m elf64ltsmip -dynamic-linker /system/bin/linker64 -o cmTC_05eaf /Users/shiwentao/Downloads/android-ndk-r13b/platforms/android-21/arch-mips64/usr/lib/../lib64/crtbegin_dynamic.o -L/Users/shiwentao/Downloads/android-ndk-r13b/toolchains/mips64el-linux-android-4.9/prebuilt/darwin-x86_64/lib/gcc/mips64el-linux-android/4.9.x -L/Users/shiwentao/Downloads/android-ndk-r13b/toolchains/mips64el-linux-android-4.9/prebuilt/darwin-x86_64/lib/gcc/mips64el-linux-android/4.9.x/../../../../mips64el-linux-android/lib/../lib64 -L/Users/shiwentao/Downloads/android-ndk-r13b/platforms/android-21/arch-mips64/usr/lib/../lib64 -L/Users/shiwentao/Downloads/android-ndk-r13b/toolchains/mips64el-linux-android-4.9/prebuilt/darwin-x86_64/lib/gcc/mips64el-linux-android/4.9.x/../../../../mips64el-linux-android/lib -L/Users/shiwentao/Downloads/android-ndk-r13b/platforms/android-21/arch-mips64/usr/lib --build-id --warn-shared-textrel --fatal-warnings --no-undefined -z noexecstack -z relro -z now --gc-sections -z nocopyreloc --build-id --warn-shared-textrel --fatal-warnings --no-undefined -z noexecstack -z relro -z now --gc-sections -z nocopyreloc CMakeFiles/cmTC_05eaf.dir/CMakeCCompilerABI.c.o -lgcc -ldl -lc -lgcc -ldl /Users/shiwentao/Downloads/android-ndk-r13b/platforms/android-21/arch-mips64/usr/lib/../lib64/crtend_android.o


Parsed C implicit link information from above output:
  link line regex: [^( *|.*[/\])(mips64el-linux-android-ld|([^/\]+-)?ld|collect2)[^/\]*( |$)]
  ignore line: [Change Dir: /Users/shiwentao/Downloads/code/testso/app/.externalNativeBuild/cmake/debug/mips64/CMakeFiles/CMakeTmp]
  ignore line: []
  ignore line: [Run Build Command:"/Users/shiwentao/Library/Android/sdk/cmake/3.6.4111459/bin/ninja" "cmTC_05eaf"]
  ignore line: [[1/2] Building C object CMakeFiles/cmTC_05eaf.dir/CMakeCCompilerABI.c.o]
  ignore line: [[2/2] Linking C executable cmTC_05eaf]
  ignore line: [Android clang version 3.8.256229  (based on LLVM 3.8.256229)]
  ignore line: [Target: mips64el-none-linux-android]
  ignore line: [Thread model: posix]
  ignore line: [InstalledDir: /Users/shiwentao/Downloads/android-ndk-r13b/toolchains/llvm/prebuilt/darwin-x86_64/bin]
  ignore line: [Found candidate GCC installation: /Users/shiwentao/Downloads/android-ndk-r13b/toolchains/mips64el-linux-android-4.9/prebuilt/darwin-x86_64/lib/gcc/mips64el-linux-android/4.9.x]
  ignore line: [Selected GCC installation: /Users/shiwentao/Downloads/android-ndk-r13b/toolchains/mips64el-linux-android-4.9/prebuilt/darwin-x86_64/lib/gcc/mips64el-linux-android/4.9.x]
  ignore line: [Candidate multilib: .]
  ignore line: []
  ignore line: [Selected multilib: .]
  ignore line: []
  link line: [ "/Users/shiwentao/Downloads/android-ndk-r13b/toolchains/mips64el-linux-android-4.9/prebuilt/darwin-x86_64/lib/gcc/mips64el-linux-android/4.9.x/../../../../mips64el-linux-android/bin/ld" --sysroot=/Users/shiwentao/Downloads/android-ndk-r13b/platforms/android-21/arch-mips64 -pie --sysroot=/Users/shiwentao/Downloads/android-ndk-r13b/platforms/android-21/arch-mips64 --eh-frame-hdr -m elf64ltsmip -dynamic-linker /system/bin/linker64 -o cmTC_05eaf /Users/shiwentao/Downloads/android-ndk-r13b/platforms/android-21/arch-mips64/usr/lib/../lib64/crtbegin_dynamic.o -L/Users/shiwentao/Downloads/android-ndk-r13b/toolchains/mips64el-linux-android-4.9/prebuilt/darwin-x86_64/lib/gcc/mips64el-linux-android/4.9.x -L/Users/shiwentao/Downloads/android-ndk-r13b/toolchains/mips64el-linux-android-4.9/prebuilt/darwin-x86_64/lib/gcc/mips64el-linux-android/4.9.x/../../../../mips64el-linux-android/lib/../lib64 -L/Users/shiwentao/Downloads/android-ndk-r13b/platforms/android-21/arch-mips64/usr/lib/../lib64 -L/Users/shiwentao/Downloads/android-ndk-r13b/toolchains/mips64el-linux-android-4.9/prebuilt/darwin-x86_64/lib/gcc/mips64el-linux-android/4.9.x/../../../../mips64el-linux-android/lib -L/Users/shiwentao/Downloads/android-ndk-r13b/platforms/android-21/arch-mips64/usr/lib --build-id --warn-shared-textrel --fatal-warnings --no-undefined -z noexecstack -z relro -z now --gc-sections -z nocopyreloc --build-id --warn-shared-textrel --fatal-warnings --no-undefined -z noexecstack -z relro -z now --gc-sections -z nocopyreloc CMakeFiles/cmTC_05eaf.dir/CMakeCCompilerABI.c.o -lgcc -ldl -lc -lgcc -ldl /Users/shiwentao/Downloads/android-ndk-r13b/platforms/android-21/arch-mips64/usr/lib/../lib64/crtend_android.o]
    arg [/Users/shiwentao/Downloads/android-ndk-r13b/toolchains/mips64el-linux-android-4.9/prebuilt/darwin-x86_64/lib/gcc/mips64el-linux-android/4.9.x/../../../../mips64el-linux-android/bin/ld] ==> ignore
    arg [--sysroot=/Users/shiwentao/Downloads/android-ndk-r13b/platforms/android-21/arch-mips64] ==> ignore
    arg [-pie] ==> ignore
    arg [--sysroot=/Users/shiwentao/Downloads/android-ndk-r13b/platforms/android-21/arch-mips64] ==> ignore
    arg [--eh-frame-hdr] ==> ignore
    arg [-m] ==> ignore
    arg [elf64ltsmip] ==> ignore
    arg [-dynamic-linker] ==> ignore
    arg [/system/bin/linker64] ==> ignore
    arg [-o] ==> ignore
    arg [cmTC_05eaf] ==> ignore
    arg [/Users/shiwentao/Downloads/android-ndk-r13b/platforms/android-21/arch-mips64/usr/lib/../lib64/crtbegin_dynamic.o] ==> ignore
    arg [-L/Users/shiwentao/Downloads/android-ndk-r13b/toolchains/mips64el-linux-android-4.9/prebuilt/darwin-x86_64/lib/gcc/mips64el-linux-android/4.9.x] ==> dir [/Users/shiwentao/Downloads/android-ndk-r13b/toolchains/mips64el-linux-android-4.9/prebuilt/darwin-x86_64/lib/gcc/mips64el-linux-android/4.9.x]
    arg [-L/Users/shiwentao/Downloads/android-ndk-r13b/toolchains/mips64el-linux-android-4.9/prebuilt/darwin-x86_64/lib/gcc/mips64el-linux-android/4.9.x/../../../../mips64el-linux-android/lib/../lib64] ==> dir [/Users/shiwentao/Downloads/android-ndk-r13b/toolchains/mips64el-linux-android-4.9/prebuilt/darwin-x86_64/lib/gcc/mips64el-linux-android/4.9.x/../../../../mips64el-linux-android/lib/../lib64]
    arg [-L/Users/shiwentao/Downloads/android-ndk-r13b/platforms/android-21/arch-mips64/usr/lib/../lib64] ==> dir [/Users/shiwentao/Downloads/android-ndk-r13b/platforms/android-21/arch-mips64/usr/lib/../lib64]
    arg [-L/Users/shiwentao/Downloads/android-ndk-r13b/toolchains/mips64el-linux-android-4.9/prebuilt/darwin-x86_64/lib/gcc/mips64el-linux-android/4.9.x/../../../../mips64el-linux-android/lib] ==> dir [/Users/shiwentao/Downloads/android-ndk-r13b/toolchains/mips64el-linux-android-4.9/prebuilt/darwin-x86_64/lib/gcc/mips64el-linux-android/4.9.x/../../../../mips64el-linux-android/lib]
    arg [-L/Users/shiwentao/Downloads/android-ndk-r13b/platforms/android-21/arch-mips64/usr/lib] ==> dir [/Users/shiwentao/Downloads/android-ndk-r13b/platforms/android-21/arch-mips64/usr/lib]
    arg [--build-id] ==> ignore
    arg [--warn-shared-textrel] ==> ignore
    arg [--fatal-warnings] ==> ignore
    arg [--no-undefined] ==> ignore
    arg [-znoexecstack] ==> ignore
    arg [-zrelro] ==> ignore
    arg [-znow] ==> ignore
    arg [--gc-sections] ==> ignore
    arg [-znocopyreloc] ==> ignore
    arg [--build-id] ==> ignore
    arg [--warn-shared-textrel] ==> ignore
    arg [--fatal-warnings] ==> ignore
    arg [--no-undefined] ==> ignore
    arg [-znoexecstack] ==> ignore
    arg [-zrelro] ==> ignore
    arg [-znow] ==> ignore
    arg [--gc-sections] ==> ignore
    arg [-znocopyreloc] ==> ignore
    arg [CMakeFiles/cmTC_05eaf.dir/CMakeCCompilerABI.c.o] ==> ignore
    arg [-lgcc] ==> lib [gcc]
    arg [-ldl] ==> lib [dl]
    arg [-lc] ==> lib [c]
    arg [-lgcc] ==> lib [gcc]
    arg [-ldl] ==> lib [dl]
    arg [/Users/shiwentao/Downloads/android-ndk-r13b/platforms/android-21/arch-mips64/usr/lib/../lib64/crtend_android.o] ==> ignore
  remove lib [gcc]
  remove lib [gcc]
  collapse library dir [/Users/shiwentao/Downloads/android-ndk-r13b/toolchains/mips64el-linux-android-4.9/prebuilt/darwin-x86_64/lib/gcc/mips64el-linux-android/4.9.x] ==> [/Users/shiwentao/Downloads/android-ndk-r13b/toolchains/mips64el-linux-android-4.9/prebuilt/darwin-x86_64/lib/gcc/mips64el-linux-android/4.9.x]
  collapse library dir [/Users/shiwentao/Downloads/android-ndk-r13b/toolchains/mips64el-linux-android-4.9/prebuilt/darwin-x86_64/lib/gcc/mips64el-linux-android/4.9.x/../../../../mips64el-linux-android/lib/../lib64] ==> [/Users/shiwentao/Downloads/android-ndk-r13b/toolchains/mips64el-linux-android-4.9/prebuilt/darwin-x86_64/mips64el-linux-android/lib64]
  collapse library dir [/Users/shiwentao/Downloads/android-ndk-r13b/platforms/android-21/arch-mips64/usr/lib/../lib64] ==> [/Users/shiwentao/Downloads/android-ndk-r13b/platforms/android-21/arch-mips64/usr/lib64]
  collapse library dir [/Users/shiwentao/Downloads/android-ndk-r13b/toolchains/mips64el-linux-android-4.9/prebuilt/darwin-x86_64/lib/gcc/mips64el-linux-android/4.9.x/../../../../mips64el-linux-android/lib] ==> [/Users/shiwentao/Downloads/android-ndk-r13b/toolchains/mips64el-linux-android-4.9/prebuilt/darwin-x86_64/mips64el-linux-android/lib]
  collapse library dir [/Users/shiwentao/Downloads/android-ndk-r13b/platforms/android-21/arch-mips64/usr/lib] ==> [/Users/shiwentao/Downloads/android-ndk-r13b/platforms/android-21/arch-mips64/usr/lib]
  implicit libs: [dl;c;dl]
  implicit dirs: [/Users/shiwentao/Downloads/android-ndk-r13b/toolchains/mips64el-linux-android-4.9/prebuilt/darwin-x86_64/lib/gcc/mips64el-linux-android/4.9.x;/Users/shiwentao/Downloads/android-ndk-r13b/toolchains/mips64el-linux-android-4.9/prebuilt/darwin-x86_64/mips64el-linux-android/lib64;/Users/shiwentao/Downloads/android-ndk-r13b/platforms/android-21/arch-mips64/usr/lib64;/Users/shiwentao/Downloads/android-ndk-r13b/toolchains/mips64el-linux-android-4.9/prebuilt/darwin-x86_64/mips64el-linux-android/lib;/Users/shiwentao/Downloads/android-ndk-r13b/platforms/android-21/arch-mips64/usr/lib]
  implicit fwks: []


Determining if the CXX compiler works passed with the following output:
Change Dir: /Users/shiwentao/Downloads/code/testso/app/.externalNativeBuild/cmake/debug/mips64/CMakeFiles/CMakeTmp

Run Build Command:"/Users/shiwentao/Library/Android/sdk/cmake/3.6.4111459/bin/ninja" "cmTC_a1d1f"
[1/2] Building CXX object CMakeFiles/cmTC_a1d1f.dir/testCXXCompiler.cxx.o
[2/2] Linking CXX executable cmTC_a1d1f


Detecting CXX compiler ABI info compiled with the following output:
Change Dir: /Users/shiwentao/Downloads/code/testso/app/.externalNativeBuild/cmake/debug/mips64/CMakeFiles/CMakeTmp

Run Build Command:"/Users/shiwentao/Library/Android/sdk/cmake/3.6.4111459/bin/ninja" "cmTC_33d2a"
[1/2] Building CXX object CMakeFiles/cmTC_33d2a.dir/CMakeCXXCompilerABI.cpp.o
[2/2] Linking CXX executable cmTC_33d2a
Android clang version 3.8.256229  (based on LLVM 3.8.256229)
Target: mips64el-none-linux-android
Thread model: posix
InstalledDir: /Users/shiwentao/Downloads/android-ndk-r13b/toolchains/llvm/prebuilt/darwin-x86_64/bin
Found candidate GCC installation: /Users/shiwentao/Downloads/android-ndk-r13b/toolchains/mips64el-linux-android-4.9/prebuilt/darwin-x86_64/lib/gcc/mips64el-linux-android/4.9.x
Selected GCC installation: /Users/shiwentao/Downloads/android-ndk-r13b/toolchains/mips64el-linux-android-4.9/prebuilt/darwin-x86_64/lib/gcc/mips64el-linux-android/4.9.x
Candidate multilib: .;
Selected multilib: .;
 "/Users/shiwentao/Downloads/android-ndk-r13b/toolchains/mips64el-linux-android-4.9/prebuilt/darwin-x86_64/lib/gcc/mips64el-linux-android/4.9.x/../../../../mips64el-linux-android/bin/ld" --sysroot=/Users/shiwentao/Downloads/android-ndk-r13b/platforms/android-21/arch-mips64 -pie --sysroot=/Users/shiwentao/Downloads/android-ndk-r13b/platforms/android-21/arch-mips64 --eh-frame-hdr -m elf64ltsmip -dynamic-linker /system/bin/linker64 -o cmTC_33d2a /Users/shiwentao/Downloads/android-ndk-r13b/platforms/android-21/arch-mips64/usr/lib/../lib64/crtbegin_dynamic.o -L/Users/shiwentao/Downloads/android-ndk-r13b/toolchains/mips64el-linux-android-4.9/prebuilt/darwin-x86_64/lib/gcc/mips64el-linux-android/4.9.x -L/Users/shiwentao/Downloads/android-ndk-r13b/toolchains/mips64el-linux-android-4.9/prebuilt/darwin-x86_64/lib/gcc/mips64el-linux-android/4.9.x/../../../../mips64el-linux-android/lib/../lib64 -L/Users/shiwentao/Downloads/android-ndk-r13b/platforms/android-21/arch-mips64/usr/lib/../lib64 -L/Users/shiwentao/Downloads/android-ndk-r13b/toolchains/mips64el-linux-android-4.9/prebuilt/darwin-x86_64/lib/gcc/mips64el-linux-android/4.9.x/../../../../mips64el-linux-android/lib -L/Users/shiwentao/Downloads/android-ndk-r13b/platforms/android-21/arch-mips64/usr/lib --build-id --warn-shared-textrel --fatal-warnings --no-undefined -z noexecstack -z relro -z now --gc-sections -z nocopyreloc --build-id --warn-shared-textrel --fatal-warnings --no-undefined -z noexecstack -z relro -z now --gc-sections -z nocopyreloc CMakeFiles/cmTC_33d2a.dir/CMakeCXXCompilerABI.cpp.o -lstdc++ -lm -lgcc -lgcc -ldl -lc -lgcc -lgcc -ldl /Users/shiwentao/Downloads/android-ndk-r13b/platforms/android-21/arch-mips64/usr/lib/../lib64/crtend_android.o


Parsed CXX implicit link information from above output:
  link line regex: [^( *|.*[/\])(mips64el-linux-android-ld|([^/\]+-)?ld|collect2)[^/\]*( |$)]
  ignore line: [Change Dir: /Users/shiwentao/Downloads/code/testso/app/.externalNativeBuild/cmake/debug/mips64/CMakeFiles/CMakeTmp]
  ignore line: []
  ignore line: [Run Build Command:"/Users/shiwentao/Library/Android/sdk/cmake/3.6.4111459/bin/ninja" "cmTC_33d2a"]
  ignore line: [[1/2] Building CXX object CMakeFiles/cmTC_33d2a.dir/CMakeCXXCompilerABI.cpp.o]
  ignore line: [[2/2] Linking CXX executable cmTC_33d2a]
  ignore line: [Android clang version 3.8.256229  (based on LLVM 3.8.256229)]
  ignore line: [Target: mips64el-none-linux-android]
  ignore line: [Thread model: posix]
  ignore line: [InstalledDir: /Users/shiwentao/Downloads/android-ndk-r13b/toolchains/llvm/prebuilt/darwin-x86_64/bin]
  ignore line: [Found candidate GCC installation: /Users/shiwentao/Downloads/android-ndk-r13b/toolchains/mips64el-linux-android-4.9/prebuilt/darwin-x86_64/lib/gcc/mips64el-linux-android/4.9.x]
  ignore line: [Selected GCC installation: /Users/shiwentao/Downloads/android-ndk-r13b/toolchains/mips64el-linux-android-4.9/prebuilt/darwin-x86_64/lib/gcc/mips64el-linux-android/4.9.x]
  ignore line: [Candidate multilib: .]
  ignore line: []
  ignore line: [Selected multilib: .]
  ignore line: []
  link line: [ "/Users/shiwentao/Downloads/android-ndk-r13b/toolchains/mips64el-linux-android-4.9/prebuilt/darwin-x86_64/lib/gcc/mips64el-linux-android/4.9.x/../../../../mips64el-linux-android/bin/ld" --sysroot=/Users/shiwentao/Downloads/android-ndk-r13b/platforms/android-21/arch-mips64 -pie --sysroot=/Users/shiwentao/Downloads/android-ndk-r13b/platforms/android-21/arch-mips64 --eh-frame-hdr -m elf64ltsmip -dynamic-linker /system/bin/linker64 -o cmTC_33d2a /Users/shiwentao/Downloads/android-ndk-r13b/platforms/android-21/arch-mips64/usr/lib/../lib64/crtbegin_dynamic.o -L/Users/shiwentao/Downloads/android-ndk-r13b/toolchains/mips64el-linux-android-4.9/prebuilt/darwin-x86_64/lib/gcc/mips64el-linux-android/4.9.x -L/Users/shiwentao/Downloads/android-ndk-r13b/toolchains/mips64el-linux-android-4.9/prebuilt/darwin-x86_64/lib/gcc/mips64el-linux-android/4.9.x/../../../../mips64el-linux-android/lib/../lib64 -L/Users/shiwentao/Downloads/android-ndk-r13b/platforms/android-21/arch-mips64/usr/lib/../lib64 -L/Users/shiwentao/Downloads/android-ndk-r13b/toolchains/mips64el-linux-android-4.9/prebuilt/darwin-x86_64/lib/gcc/mips64el-linux-android/4.9.x/../../../../mips64el-linux-android/lib -L/Users/shiwentao/Downloads/android-ndk-r13b/platforms/android-21/arch-mips64/usr/lib --build-id --warn-shared-textrel --fatal-warnings --no-undefined -z noexecstack -z relro -z now --gc-sections -z nocopyreloc --build-id --warn-shared-textrel --fatal-warnings --no-undefined -z noexecstack -z relro -z now --gc-sections -z nocopyreloc CMakeFiles/cmTC_33d2a.dir/CMakeCXXCompilerABI.cpp.o -lstdc++ -lm -lgcc -lgcc -ldl -lc -lgcc -lgcc -ldl /Users/shiwentao/Downloads/android-ndk-r13b/platforms/android-21/arch-mips64/usr/lib/../lib64/crtend_android.o]
    arg [/Users/shiwentao/Downloads/android-ndk-r13b/toolchains/mips64el-linux-android-4.9/prebuilt/darwin-x86_64/lib/gcc/mips64el-linux-android/4.9.x/../../../../mips64el-linux-android/bin/ld] ==> ignore
    arg [--sysroot=/Users/shiwentao/Downloads/android-ndk-r13b/platforms/android-21/arch-mips64] ==> ignore
    arg [-pie] ==> ignore
    arg [--sysroot=/Users/shiwentao/Downloads/android-ndk-r13b/platforms/android-21/arch-mips64] ==> ignore
    arg [--eh-frame-hdr] ==> ignore
    arg [-m] ==> ignore
    arg [elf64ltsmip] ==> ignore
    arg [-dynamic-linker] ==> ignore
    arg [/system/bin/linker64] ==> ignore
    arg [-o] ==> ignore
    arg [cmTC_33d2a] ==> ignore
    arg [/Users/shiwentao/Downloads/android-ndk-r13b/platforms/android-21/arch-mips64/usr/lib/../lib64/crtbegin_dynamic.o] ==> ignore
    arg [-L/Users/shiwentao/Downloads/android-ndk-r13b/toolchains/mips64el-linux-android-4.9/prebuilt/darwin-x86_64/lib/gcc/mips64el-linux-android/4.9.x] ==> dir [/Users/shiwentao/Downloads/android-ndk-r13b/toolchains/mips64el-linux-android-4.9/prebuilt/darwin-x86_64/lib/gcc/mips64el-linux-android/4.9.x]
    arg [-L/Users/shiwentao/Downloads/android-ndk-r13b/toolchains/mips64el-linux-android-4.9/prebuilt/darwin-x86_64/lib/gcc/mips64el-linux-android/4.9.x/../../../../mips64el-linux-android/lib/../lib64] ==> dir [/Users/shiwentao/Downloads/android-ndk-r13b/toolchains/mips64el-linux-android-4.9/prebuilt/darwin-x86_64/lib/gcc/mips64el-linux-android/4.9.x/../../../../mips64el-linux-android/lib/../lib64]
    arg [-L/Users/shiwentao/Downloads/android-ndk-r13b/platforms/android-21/arch-mips64/usr/lib/../lib64] ==> dir [/Users/shiwentao/Downloads/android-ndk-r13b/platforms/android-21/arch-mips64/usr/lib/../lib64]
    arg [-L/Users/shiwentao/Downloads/android-ndk-r13b/toolchains/mips64el-linux-android-4.9/prebuilt/darwin-x86_64/lib/gcc/mips64el-linux-android/4.9.x/../../../../mips64el-linux-android/lib] ==> dir [/Users/shiwentao/Downloads/android-ndk-r13b/toolchains/mips64el-linux-android-4.9/prebuilt/darwin-x86_64/lib/gcc/mips64el-linux-android/4.9.x/../../../../mips64el-linux-android/lib]
    arg [-L/Users/shiwentao/Downloads/android-ndk-r13b/platforms/android-21/arch-mips64/usr/lib] ==> dir [/Users/shiwentao/Downloads/android-ndk-r13b/platforms/android-21/arch-mips64/usr/lib]
    arg [--build-id] ==> ignore
    arg [--warn-shared-textrel] ==> ignore
    arg [--fatal-warnings] ==> ignore
    arg [--no-undefined] ==> ignore
    arg [-znoexecstack] ==> ignore
    arg [-zrelro] ==> ignore
    arg [-znow] ==> ignore
    arg [--gc-sections] ==> ignore
    arg [-znocopyreloc] ==> ignore
    arg [--build-id] ==> ignore
    arg [--warn-shared-textrel] ==> ignore
    arg [--fatal-warnings] ==> ignore
    arg [--no-undefined] ==> ignore
    arg [-znoexecstack] ==> ignore
    arg [-zrelro] ==> ignore
    arg [-znow] ==> ignore
    arg [--gc-sections] ==> ignore
    arg [-znocopyreloc] ==> ignore
    arg [CMakeFiles/cmTC_33d2a.dir/CMakeCXXCompilerABI.cpp.o] ==> ignore
    arg [-lstdc++] ==> lib [stdc++]
    arg [-lm] ==> lib [m]
    arg [-lgcc] ==> lib [gcc]
    arg [-lgcc] ==> lib [gcc]
    arg [-ldl] ==> lib [dl]
    arg [-lc] ==> lib [c]
    arg [-lgcc] ==> lib [gcc]
    arg [-lgcc] ==> lib [gcc]
    arg [-ldl] ==> lib [dl]
    arg [/Users/shiwentao/Downloads/android-ndk-r13b/platforms/android-21/arch-mips64/usr/lib/../lib64/crtend_android.o] ==> ignore
  remove lib [gcc]
  remove lib [gcc]
  remove lib [gcc]
  remove lib [gcc]
  collapse library dir [/Users/shiwentao/Downloads/android-ndk-r13b/toolchains/mips64el-linux-android-4.9/prebuilt/darwin-x86_64/lib/gcc/mips64el-linux-android/4.9.x] ==> [/Users/shiwentao/Downloads/android-ndk-r13b/toolchains/mips64el-linux-android-4.9/prebuilt/darwin-x86_64/lib/gcc/mips64el-linux-android/4.9.x]
  collapse library dir [/Users/shiwentao/Downloads/android-ndk-r13b/toolchains/mips64el-linux-android-4.9/prebuilt/darwin-x86_64/lib/gcc/mips64el-linux-android/4.9.x/../../../../mips64el-linux-android/lib/../lib64] ==> [/Users/shiwentao/Downloads/android-ndk-r13b/toolchains/mips64el-linux-android-4.9/prebuilt/darwin-x86_64/mips64el-linux-android/lib64]
  collapse library dir [/Users/shiwentao/Downloads/android-ndk-r13b/platforms/android-21/arch-mips64/usr/lib/../lib64] ==> [/Users/shiwentao/Downloads/android-ndk-r13b/platforms/android-21/arch-mips64/usr/lib64]
  collapse library dir [/Users/shiwentao/Downloads/android-ndk-r13b/toolchains/mips64el-linux-android-4.9/prebuilt/darwin-x86_64/lib/gcc/mips64el-linux-android/4.9.x/../../../../mips64el-linux-android/lib] ==> [/Users/shiwentao/Downloads/android-ndk-r13b/toolchains/mips64el-linux-android-4.9/prebuilt/darwin-x86_64/mips64el-linux-android/lib]
  collapse library dir [/Users/shiwentao/Downloads/android-ndk-r13b/platforms/android-21/arch-mips64/usr/lib] ==> [/Users/shiwentao/Downloads/android-ndk-r13b/platforms/android-21/arch-mips64/usr/lib]
  implicit libs: [stdc++;m;dl;c;dl]
  implicit dirs: [/Users/shiwentao/Downloads/android-ndk-r13b/toolchains/mips64el-linux-android-4.9/prebuilt/darwin-x86_64/lib/gcc/mips64el-linux-android/4.9.x;/Users/shiwentao/Downloads/android-ndk-r13b/toolchains/mips64el-linux-android-4.9/prebuilt/darwin-x86_64/mips64el-linux-android/lib64;/Users/shiwentao/Downloads/android-ndk-r13b/platforms/android-21/arch-mips64/usr/lib64;/Users/shiwentao/Downloads/android-ndk-r13b/toolchains/mips64el-linux-android-4.9/prebuilt/darwin-x86_64/mips64el-linux-android/lib;/Users/shiwentao/Downloads/android-ndk-r13b/platforms/android-21/arch-mips64/usr/lib]
  implicit fwks: []


